<?xml version="1.0" encoding="UTF-8"?>
<testng-results total="4" passed="3" failed="1" skipped="0">
  <reporter-output>
  </reporter-output>
  <suite started-at="2019-06-13T06:08:58Z" name="Surefire suite" finished-at="2019-06-13T06:10:43Z" duration-ms="104798">
    <groups>
    </groups>
    <test started-at="2019-06-13T06:08:58Z" name="Surefire test" finished-at="2019-06-13T06:10:43Z" duration-ms="104798">
      <class name="com.unibet.Testcases.SearchTest">
        <test-method is-config="true" signature="setup()[pri:0, instance:com.unibet.Testcases.SearchTest@4ad4936c]" started-at="2019-06-13T11:40:16Z" name="setup" finished-at="2019-06-13T11:40:25Z" duration-ms="9148" status="PASS">
          <reporter-output>
          </reporter-output>
        </test-method> <!-- setup -->
        <test-method signature="validatesearchResult()[pri:0, instance:com.unibet.Testcases.SearchTest@4ad4936c]" started-at="2019-06-13T11:40:25Z" name="validatesearchResult" finished-at="2019-06-13T11:40:43Z" duration-ms="17623" status="PASS">
          <reporter-output>
          </reporter-output>
        </test-method> <!-- validatesearchResult -->
        <test-method is-config="true" signature="tearDown()[pri:0, instance:com.unibet.Testcases.SearchTest@4ad4936c]" started-at="2019-06-13T11:40:43Z" name="tearDown" finished-at="2019-06-13T11:40:43Z" duration-ms="84" status="PASS">
          <reporter-output>
          </reporter-output>
        </test-method> <!-- tearDown -->
      </class> <!-- com.unibet.Testcases.SearchTest -->
      <class name="com.unibet.Testcases.HomePageTest">
        <test-method is-config="true" signature="setup()[pri:0, instance:com.unibet.Testcases.HomePageTest@68105edc]" started-at="2019-06-13T11:38:58Z" name="setup" finished-at="2019-06-13T11:39:08Z" duration-ms="9596" status="PASS">
          <reporter-output>
          </reporter-output>
        </test-method> <!-- setup -->
        <test-method signature="validateAmazon()[pri:0, instance:com.unibet.Testcases.HomePageTest@68105edc]" started-at="2019-06-13T11:39:08Z" name="validateAmazon" description="Login With Valid User And Select Headphone Which Result on the Top And AddtoCart" finished-at="2019-06-13T11:39:25Z" duration-ms="17078" status="PASS">
          <reporter-output>
          </reporter-output>
        </test-method> <!-- validateAmazon -->
        <test-method is-config="true" signature="tearDown()[pri:0, instance:com.unibet.Testcases.HomePageTest@68105edc]" started-at="2019-06-13T11:39:25Z" name="tearDown" finished-at="2019-06-13T11:39:25Z" duration-ms="102" status="PASS">
          <reporter-output>
          </reporter-output>
        </test-method> <!-- tearDown -->
        <test-method is-config="true" signature="setup()[pri:0, instance:com.unibet.Testcases.HomePageTest@68105edc]" started-at="2019-06-13T11:39:25Z" name="setup" finished-at="2019-06-13T11:39:35Z" duration-ms="9730" status="PASS">
          <reporter-output>
          </reporter-output>
        </test-method> <!-- setup -->
        <test-method signature="validatesearchResult()[pri:0, instance:com.unibet.Testcases.HomePageTest@68105edc]" started-at="2019-06-13T11:39:35Z" name="validatesearchResult" description="Login With Valid User And Select MacBook Pro Which Result on the Second Position And AddtoCart" finished-at="2019-06-13T11:39:52Z" duration-ms="16689" status="FAIL">
          <exception class="org.openqa.selenium.WebDriverException">
            <message>
              <![CDATA[unknown error: Element <select name="quantity" autocomplete="off" id="quantity" tabindex="-1" class="a-native-dropdown">...</select> is not clickable at point (1186, 363). Other element would receive the click: <span class="a-dropdown-label">...</span>
  (Session info: chrome=71.0.3578.98)
  (Driver info: chromedriver=2.42.591059 (a3d9684d10d61aa0c45f6723b327283be1ebaad8),platform=Mac OS X 10.12.6 x86_64) (WARNING: The server did not provide any stacktrace information)
Command duration or timeout: 0 milliseconds
Build info: version: '3.14.0', revision: 'aacccce0', time: '2018-08-02T20:19:58.91Z'
System info: host: 'MLINPU1502-0035.springernature.com', ip: 'fe80:0:0:0:4b:9599:500e:918d%en0', os.name: 'Mac OS X', os.arch: 'x86_64', os.version: '10.12.6', java.version: '11.0.2'
Driver info: org.openqa.selenium.chrome.ChromeDriver
Capabilities {acceptInsecureCerts: false, acceptSslCerts: false, applicationCacheEnabled: false, browserConnectionEnabled: false, browserName: chrome, chrome: {chromedriverVersion: 2.42.591059 (a3d9684d10d61a..., userDataDir: /var/folders/nv/95fh8nv97rl...}, cssSelectorsEnabled: true, databaseEnabled: false, goog:chromeOptions: {debuggerAddress: localhost:60869}, handlesAlerts: true, hasTouchScreen: false, javascriptEnabled: true, locationContextEnabled: true, mobileEmulationEnabled: false, nativeEvents: true, networkConnectionEnabled: false, pageLoadStrategy: normal, platform: MAC, platformName: MAC, rotatable: false, setWindowRect: true, takesHeapSnapshot: true, takesScreenshot: true, unexpectedAlertBehaviour: , unhandledPromptBehavior: , version: 71.0.3578.98, webStorageEnabled: true}
Session ID: 4d74f2fa1b56ee7ad2ae33ad26758276]]>
            </message>
            <full-stacktrace>
              <![CDATA[org.openqa.selenium.WebDriverException: unknown error: Element <select name="quantity" autocomplete="off" id="quantity" tabindex="-1" class="a-native-dropdown">...</select> is not clickable at point (1186, 363). Other element would receive the click: <span class="a-dropdown-label">...</span>
  (Session info: chrome=71.0.3578.98)
  (Driver info: chromedriver=2.42.591059 (a3d9684d10d61aa0c45f6723b327283be1ebaad8),platform=Mac OS X 10.12.6 x86_64) (WARNING: The server did not provide any stacktrace information)
Command duration or timeout: 0 milliseconds
Build info: version: '3.14.0', revision: 'aacccce0', time: '2018-08-02T20:19:58.91Z'
System info: host: 'MLINPU1502-0035.springernature.com', ip: 'fe80:0:0:0:4b:9599:500e:918d%en0', os.name: 'Mac OS X', os.arch: 'x86_64', os.version: '10.12.6', java.version: '11.0.2'
Driver info: org.openqa.selenium.chrome.ChromeDriver
Capabilities {acceptInsecureCerts: false, acceptSslCerts: false, applicationCacheEnabled: false, browserConnectionEnabled: false, browserName: chrome, chrome: {chromedriverVersion: 2.42.591059 (a3d9684d10d61a..., userDataDir: /var/folders/nv/95fh8nv97rl...}, cssSelectorsEnabled: true, databaseEnabled: false, goog:chromeOptions: {debuggerAddress: localhost:60869}, handlesAlerts: true, hasTouchScreen: false, javascriptEnabled: true, locationContextEnabled: true, mobileEmulationEnabled: false, nativeEvents: true, networkConnectionEnabled: false, pageLoadStrategy: normal, platform: MAC, platformName: MAC, rotatable: false, setWindowRect: true, takesHeapSnapshot: true, takesScreenshot: true, unexpectedAlertBehaviour: , unhandledPromptBehavior: , version: 71.0.3578.98, webStorageEnabled: true}
Session ID: 4d74f2fa1b56ee7ad2ae33ad26758276
	at java.base/jdk.internal.reflect.NativeConstructorAccessorImpl.newInstance0(Native Method)
	at java.base/jdk.internal.reflect.NativeConstructorAccessorImpl.newInstance(NativeConstructorAccessorImpl.java:62)
	at java.base/jdk.internal.reflect.DelegatingConstructorAccessorImpl.newInstance(DelegatingConstructorAccessorImpl.java:45)
	at java.base/java.lang.reflect.Constructor.newInstance(Constructor.java:490)
	at org.openqa.selenium.remote.ErrorHandler.createThrowable(ErrorHandler.java:214)
	at org.openqa.selenium.remote.ErrorHandler.throwIfResponseFailed(ErrorHandler.java:166)
	at org.openqa.selenium.remote.http.JsonHttpResponseCodec.reconstructValue(JsonHttpResponseCodec.java:40)
	at org.openqa.selenium.remote.http.AbstractHttpResponseCodec.decode(AbstractHttpResponseCodec.java:80)
	at org.openqa.selenium.remote.http.AbstractHttpResponseCodec.decode(AbstractHttpResponseCodec.java:44)
	at org.openqa.selenium.remote.HttpCommandExecutor.execute(HttpCommandExecutor.java:158)
	at org.openqa.selenium.remote.service.DriverCommandExecutor.execute(DriverCommandExecutor.java:83)
	at org.openqa.selenium.remote.RemoteWebDriver.execute(RemoteWebDriver.java:548)
	at org.openqa.selenium.remote.RemoteWebElement.execute(RemoteWebElement.java:276)
	at org.openqa.selenium.remote.RemoteWebElement.click(RemoteWebElement.java:83)
	at com.unibet.Pages.HomePage.selectdropdown(HomePage.java:69)
	at com.unibet.Testcases.HomePageTest.validatesearchResult(HomePageTest.java:78)
	at java.base/jdk.internal.reflect.NativeMethodAccessorImpl.invoke0(Native Method)
	at java.base/jdk.internal.reflect.NativeMethodAccessorImpl.invoke(NativeMethodAccessorImpl.java:62)
	at java.base/jdk.internal.reflect.DelegatingMethodAccessorImpl.invoke(DelegatingMethodAccessorImpl.java:43)
	at java.base/java.lang.reflect.Method.invoke(Method.java:566)
	at org.testng.internal.MethodInvocationHelper.invokeMethod(MethodInvocationHelper.java:80)
	at org.testng.internal.Invoker.invokeMethod(Invoker.java:714)
	at org.testng.internal.Invoker.invokeTestMethod(Invoker.java:901)
	at org.testng.internal.Invoker.invokeTestMethods(Invoker.java:1231)
	at org.testng.internal.TestMethodWorker.invokeTestMethods(TestMethodWorker.java:127)
	at org.testng.internal.TestMethodWorker.run(TestMethodWorker.java:111)
	at org.testng.TestRunner.privateRun(TestRunner.java:767)
	at org.testng.TestRunner.run(TestRunner.java:617)
	at org.testng.SuiteRunner.runTest(SuiteRunner.java:334)
	at org.testng.SuiteRunner.runSequentially(SuiteRunner.java:329)
	at org.testng.SuiteRunner.privateRun(SuiteRunner.java:291)
	at org.testng.SuiteRunner.run(SuiteRunner.java:240)
	at org.testng.SuiteRunnerWorker.runSuite(SuiteRunnerWorker.java:52)
	at org.testng.SuiteRunnerWorker.run(SuiteRunnerWorker.java:86)
	at org.testng.TestNG.runSuitesSequentially(TestNG.java:1198)
	at org.testng.TestNG.runSuitesLocally(TestNG.java:1123)
	at org.testng.TestNG.run(TestNG.java:1031)
	at org.apache.maven.surefire.testng.TestNGExecutor.run(TestNGExecutor.java:135)
	at org.apache.maven.surefire.testng.TestNGDirectoryTestSuite.executeMulti(TestNGDirectoryTestSuite.java:193)
	at org.apache.maven.surefire.testng.TestNGDirectoryTestSuite.execute(TestNGDirectoryTestSuite.java:94)
	at org.apache.maven.surefire.testng.TestNGProvider.invoke(TestNGProvider.java:146)
	at org.apache.maven.surefire.booter.ForkedBooter.invokeProviderInSameClassLoader(ForkedBooter.java:386)
	at org.apache.maven.surefire.booter.ForkedBooter.runSuitesInProcess(ForkedBooter.java:323)
	at org.apache.maven.surefire.booter.ForkedBooter.main(ForkedBooter.java:143)
]]>
            </full-stacktrace>
          </exception> <!-- org.openqa.selenium.WebDriverException -->
          <reporter-output>
          </reporter-output>
        </test-method> <!-- validatesearchResult -->
        <test-method is-config="true" signature="tearDown()[pri:0, instance:com.unibet.Testcases.HomePageTest@68105edc]" started-at="2019-06-13T11:39:52Z" name="tearDown" finished-at="2019-06-13T11:39:52Z" duration-ms="145" status="PASS">
          <reporter-output>
          </reporter-output>
        </test-method> <!-- tearDown -->
        <test-method is-config="true" signature="setup()[pri:0, instance:com.unibet.Testcases.HomePageTest@68105edc]" started-at="2019-06-13T11:39:52Z" name="setup" finished-at="2019-06-13T11:40:02Z" duration-ms="10476" status="PASS">
          <reporter-output>
          </reporter-output>
        </test-method> <!-- setup -->
        <test-method signature="cartAction()[pri:0, instance:com.unibet.Testcases.HomePageTest@68105edc]" started-at="2019-06-13T11:40:02Z" name="cartAction" description="Login With Valid User And Reduce Quality of MAcbook Pro and Delete HeadPhone From CArt" finished-at="2019-06-13T11:40:16Z" duration-ms="13971" status="PASS">
          <reporter-output>
          </reporter-output>
        </test-method> <!-- cartAction -->
        <test-method is-config="true" signature="tearDown()[pri:0, instance:com.unibet.Testcases.HomePageTest@68105edc]" started-at="2019-06-13T11:40:16Z" name="tearDown" finished-at="2019-06-13T11:40:16Z" duration-ms="89" status="PASS">
          <reporter-output>
          </reporter-output>
        </test-method> <!-- tearDown -->
      </class> <!-- com.unibet.Testcases.HomePageTest -->
    </test> <!-- Surefire test -->
  </suite> <!-- Surefire suite -->
</testng-results>
