<?xml version="1.0" encoding="UTF-8"?>
<!-- Generated by org.testng.reporters.JUnitXMLReporter -->
<testsuite hostname="mlinpu1502-0035.springernature.com" failures="0" tests="4" name="HomePageTest" time="65.694" errors="0" timestamp="16 May 2019 08:41:33 GMT">
  <testcase classname="com.unibet.Testcases.HomePageTest" name="ValidateRegistrationLink" time="3.783"/>
  <testcase classname="com.unibet.Testcases.HomePageTest" name="homepageTitleTest" time="0.012"/>
  <testcase classname="com.unibet.Testcases.HomePageTest" name="homepagelogoTest" time="0.031"/>
  <testcase classname="com.unibet.Testcases.SearchTest" name="validatesearchResult" time="6.614"/>
</testsuite> <!-- HomePageTest -->
